c:\users\user\documents\stuff\programming\chess\chess\x64\debug\vc142.pdb
c:\users\user\documents\stuff\programming\chess\chess\x64\debug\vc142.idb
c:\users\user\documents\stuff\programming\chess\chess\x64\debug\vector2.obj
c:\users\user\documents\stuff\programming\chess\chess\x64\debug\slidingpiece.obj
c:\users\user\documents\stuff\programming\chess\chess\x64\debug\rangedpiece.obj
c:\users\user\documents\stuff\programming\chess\chess\x64\debug\pieceset.obj
c:\users\user\documents\stuff\programming\chess\chess\x64\debug\piece.obj
c:\users\user\documents\stuff\programming\chess\chess\x64\debug\pawnpiece.obj
c:\users\user\documents\stuff\programming\chess\chess\x64\debug\move.obj
c:\users\user\documents\stuff\programming\chess\chess\x64\debug\main.obj
c:\users\user\documents\stuff\programming\chess\chess\x64\debug\chessconsole.obj
c:\users\user\documents\stuff\programming\chess\chess\x64\debug\cell.obj
c:\users\user\documents\stuff\programming\chess\chess\x64\debug\board.obj
c:\users\user\documents\stuff\programming\chess\x64\debug\chess.exe
c:\users\user\documents\stuff\programming\chess\chess\x64\debug\chess.ilk
c:\users\user\documents\stuff\programming\chess\x64\debug\chess.pdb
c:\users\user\documents\stuff\programming\chess\chess\x64\debug\chess.tlog\cl.command.1.tlog
c:\users\user\documents\stuff\programming\chess\chess\x64\debug\chess.tlog\cl.read.1.tlog
c:\users\user\documents\stuff\programming\chess\chess\x64\debug\chess.tlog\cl.write.1.tlog
c:\users\user\documents\stuff\programming\chess\chess\x64\debug\chess.tlog\link.command.1.tlog
c:\users\user\documents\stuff\programming\chess\chess\x64\debug\chess.tlog\link.read.1.tlog
c:\users\user\documents\stuff\programming\chess\chess\x64\debug\chess.tlog\link.write.1.tlog
